2021-05-11 09:42:41.590  WARN 256 --- [HikariPool-1 housekeeper] com.zaxxer.hikari.pool.HikariPool        : HikariPool-1 - Thread starvation or clock leap detected (housekeeper delta=14h1m46s431ms775µs900ns).
2021-05-11 11:50:05.700  INFO 17768 --- [main] c.example.practice.PracticeApplication   : Starting PracticeApplication using Java 16.0.1 on LAPTOP-VV4G52KU with PID 17768 (C:\Users\hikar\Documents\practice\build\classes\java\main started by hikar in C:\Users\hikar\Documents\practice)
2021-05-11 11:50:05.700  INFO 17768 --- [main] c.example.practice.PracticeApplication   : No active profile set, falling back to default profiles: default
2021-05-11 11:50:06.579  INFO 17768 --- [main] .s.d.r.c.RepositoryConfigurationDelegate : Bootstrapping Spring Data JPA repositories in DEFAULT mode.
2021-05-11 11:50:06.595  INFO 17768 --- [main] .s.d.r.c.RepositoryConfigurationDelegate : Finished Spring Data repository scanning in 8 ms. Found 0 JPA repository interfaces.
2021-05-11 11:50:07.249  INFO 17768 --- [main] o.s.b.w.embedded.tomcat.TomcatWebServer  : Tomcat initialized with port(s): 8080 (http)
2021-05-11 11:50:07.264  INFO 17768 --- [main] o.apache.catalina.core.StandardService   : Starting service [Tomcat]
2021-05-11 11:50:07.264  INFO 17768 --- [main] org.apache.catalina.core.StandardEngine  : Starting Servlet engine: [Apache Tomcat/9.0.45]
2021-05-11 11:50:07.389  INFO 17768 --- [main] o.a.c.c.C.[Tomcat].[localhost].[/]       : Initializing Spring embedded WebApplicationContext
2021-05-11 11:50:07.389  INFO 17768 --- [main] w.s.c.ServletWebServerApplicationContext : Root WebApplicationContext: initialization completed in 1606 ms
2021-05-11 11:50:07.593  INFO 17768 --- [main] com.zaxxer.hikari.HikariDataSource       : HikariPool-1 - Starting...
2021-05-11 11:50:07.981  INFO 17768 --- [main] com.zaxxer.hikari.HikariDataSource       : HikariPool-1 - Start completed.
2021-05-11 11:50:08.042  INFO 17768 --- [main] o.hibernate.jpa.internal.util.LogHelper  : HHH000204: Processing PersistenceUnitInfo [name: default]
2021-05-11 11:50:08.123  INFO 17768 --- [main] org.hibernate.Version                    : HHH000412: Hibernate ORM core version 5.4.30.Final
2021-05-11 11:50:08.355  INFO 17768 --- [main] o.hibernate.annotations.common.Version   : HCANN000001: Hibernate Commons Annotations {5.1.2.Final}
2021-05-11 11:50:08.502  INFO 17768 --- [main] org.hibernate.dialect.Dialect            : HHH000400: Using dialect: org.hibernate.dialect.MySQL8Dialect
2021-05-11 11:50:08.775  INFO 17768 --- [main] o.h.e.t.j.p.i.JtaPlatformInitiator       : HHH000490: Using JtaPlatform implementation: [org.hibernate.engine.transaction.jta.platform.internal.NoJtaPlatform]
2021-05-11 11:50:08.794  INFO 17768 --- [main] j.LocalContainerEntityManagerFactoryBean : Initialized JPA EntityManagerFactory for persistence unit 'default'
2021-05-11 11:50:08.888  WARN 17768 --- [main] JpaBaseConfiguration$JpaWebConfiguration : spring.jpa.open-in-view is enabled by default. Therefore, database queries may be performed during view rendering. Explicitly configure spring.jpa.open-in-view to disable this warning
2021-05-11 11:50:09.007  INFO 17768 --- [main] o.s.s.concurrent.ThreadPoolTaskExecutor  : Initializing ExecutorService 'applicationTaskExecutor'
2021-05-11 11:50:09.129  INFO 17768 --- [main] o.s.b.a.w.s.WelcomePageHandlerMapping    : Adding welcome page template: index
2021-05-11 11:50:09.299  INFO 17768 --- [main] o.s.b.w.embedded.tomcat.TomcatWebServer  : Tomcat started on port(s): 8080 (http) with context path ''
2021-05-11 11:50:09.308  INFO 17768 --- [main] c.example.practice.PracticeApplication   : Started PracticeApplication in 4.068 seconds (JVM running for 4.556)
2021-05-11 11:50:13.949  INFO 17768 --- [http-nio-8080-exec-1] o.a.c.c.C.[Tomcat].[localhost].[/]       : Initializing Spring DispatcherServlet 'dispatcherServlet'
2021-05-11 11:50:13.949  INFO 17768 --- [http-nio-8080-exec-1] o.s.web.servlet.DispatcherServlet        : Initializing Servlet 'dispatcherServlet'
2021-05-11 11:50:13.951  INFO 17768 --- [http-nio-8080-exec-1] o.s.web.servlet.DispatcherServlet        : Completed initialization in 1 ms
2021-05-11 11:50:22.934  INFO 17768 --- [http-nio-8080-exec-4] com.example.practice.LoggingService      : 情報ログです
2021-05-11 11:50:22.935  WARN 17768 --- [http-nio-8080-exec-4] com.example.practice.LoggingService      : 警告ログです
2021-05-11 11:57:46.577  INFO 13112 --- [main] c.example.practice.PracticeApplication   : Starting PracticeApplication using Java 16.0.1 on LAPTOP-VV4G52KU with PID 13112 (C:\Users\hikar\Documents\practice\build\classes\java\main started by hikar in C:\Users\hikar\Documents\practice)
2021-05-11 11:57:46.577  INFO 13112 --- [main] c.example.practice.PracticeApplication   : No active profile set, falling back to default profiles: default
2021-05-11 11:57:47.381  INFO 13112 --- [main] .s.d.r.c.RepositoryConfigurationDelegate : Bootstrapping Spring Data JPA repositories in DEFAULT mode.
2021-05-11 11:57:47.403  INFO 13112 --- [main] .s.d.r.c.RepositoryConfigurationDelegate : Finished Spring Data repository scanning in 10 ms. Found 0 JPA repository interfaces.
2021-05-11 11:57:48.169  INFO 13112 --- [main] o.s.b.w.embedded.tomcat.TomcatWebServer  : Tomcat initialized with port(s): 8080 (http)
2021-05-11 11:57:48.213  INFO 13112 --- [main] o.apache.catalina.core.StandardService   : Starting service [Tomcat]
2021-05-11 11:57:48.213  INFO 13112 --- [main] org.apache.catalina.core.StandardEngine  : Starting Servlet engine: [Apache Tomcat/9.0.45]
2021-05-11 11:57:48.342  INFO 13112 --- [main] o.a.c.c.C.[Tomcat].[localhost].[/]       : Initializing Spring embedded WebApplicationContext
2021-05-11 11:57:48.343  INFO 13112 --- [main] w.s.c.ServletWebServerApplicationContext : Root WebApplicationContext: initialization completed in 1690 ms
2021-05-11 11:57:48.658  INFO 13112 --- [main] com.zaxxer.hikari.HikariDataSource       : HikariPool-1 - Starting...
2021-05-11 11:57:49.184  INFO 13112 --- [main] com.zaxxer.hikari.HikariDataSource       : HikariPool-1 - Start completed.
2021-05-11 11:57:49.265  INFO 13112 --- [main] o.hibernate.jpa.internal.util.LogHelper  : HHH000204: Processing PersistenceUnitInfo [name: default]
2021-05-11 11:57:49.415  INFO 13112 --- [main] org.hibernate.Version                    : HHH000412: Hibernate ORM core version 5.4.30.Final
2021-05-11 11:57:49.693  INFO 13112 --- [main] o.hibernate.annotations.common.Version   : HCANN000001: Hibernate Commons Annotations {5.1.2.Final}
2021-05-11 11:57:49.847  INFO 13112 --- [main] org.hibernate.dialect.Dialect            : HHH000400: Using dialect: org.hibernate.dialect.MySQL8Dialect
2021-05-11 11:57:50.077  INFO 13112 --- [main] o.h.e.t.j.p.i.JtaPlatformInitiator       : HHH000490: Using JtaPlatform implementation: [org.hibernate.engine.transaction.jta.platform.internal.NoJtaPlatform]
2021-05-11 11:57:50.093  INFO 13112 --- [main] j.LocalContainerEntityManagerFactoryBean : Initialized JPA EntityManagerFactory for persistence unit 'default'
2021-05-11 11:57:50.213  WARN 13112 --- [main] JpaBaseConfiguration$JpaWebConfiguration : spring.jpa.open-in-view is enabled by default. Therefore, database queries may be performed during view rendering. Explicitly configure spring.jpa.open-in-view to disable this warning
2021-05-11 11:57:50.352  INFO 13112 --- [main] o.s.s.concurrent.ThreadPoolTaskExecutor  : Initializing ExecutorService 'applicationTaskExecutor'
2021-05-11 11:57:50.446  INFO 13112 --- [main] o.s.b.a.w.s.WelcomePageHandlerMapping    : Adding welcome page template: index
2021-05-11 11:57:50.632  INFO 13112 --- [main] o.s.b.w.embedded.tomcat.TomcatWebServer  : Tomcat started on port(s): 8080 (http) with context path ''
2021-05-11 11:57:50.648  INFO 13112 --- [main] c.example.practice.PracticeApplication   : Started PracticeApplication in 4.541 seconds (JVM running for 4.989)
2021-05-11 11:57:52.682  INFO 13112 --- [http-nio-8080-exec-1] o.a.c.c.C.[Tomcat].[localhost].[/]       : Initializing Spring DispatcherServlet 'dispatcherServlet'
2021-05-11 11:57:52.683  INFO 13112 --- [http-nio-8080-exec-1] o.s.web.servlet.DispatcherServlet        : Initializing Servlet 'dispatcherServlet'
2021-05-11 11:57:52.685  INFO 13112 --- [http-nio-8080-exec-1] o.s.web.servlet.DispatcherServlet        : Completed initialization in 1 ms
2021-05-11 12:02:57.671  INFO 13112 --- [http-nio-8080-exec-8] com.example.practice.LoggingService      : 情報ログです
2021-05-11 12:02:57.672  WARN 13112 --- [http-nio-8080-exec-8] com.example.practice.LoggingService      : 警告ログです
2021-05-11 12:06:58.601  INFO 13112 --- [http-nio-8080-exec-3] com.example.practice.LoggingService      : 情報ログです
2021-05-11 12:06:58.602  WARN 13112 --- [http-nio-8080-exec-3] com.example.practice.LoggingService      : 警告ログです
2021-05-11 13:39:46.687  INFO 13112 --- [http-nio-8080-exec-1] com.example.practice.LoggingService      : 情報ログです
2021-05-11 13:39:46.700  WARN 13112 --- [http-nio-8080-exec-1] com.example.practice.LoggingService      : 警告ログです
2021-05-11 14:01:27.679  WARN 13112 --- [HikariPool-1 housekeeper] com.zaxxer.hikari.pool.HikariPool        : HikariPool-1 - Thread starvation or clock leap detected (housekeeper delta=3m35s280ms315µs800ns).
2021-05-11 14:32:34.152  WARN 13112 --- [HikariPool-1 housekeeper] com.zaxxer.hikari.pool.HikariPool        : HikariPool-1 - Thread starvation or clock leap detected (housekeeper delta=15m36s253ms681µs600ns).
2021-05-11 15:02:55.877  INFO 7100 --- [main] c.e.practice.app.PracticeApplication     : Starting PracticeApplication using Java 16.0.1 on LAPTOP-VV4G52KU with PID 7100 (C:\Users\hikar\Documents\practice\build\classes\java\main started by hikar in C:\Users\hikar\Documents\practice)
2021-05-11 15:02:55.877  INFO 7100 --- [main] c.e.practice.app.PracticeApplication     : No active profile set, falling back to default profiles: default
2021-05-11 15:02:56.742  INFO 7100 --- [main] .s.d.r.c.RepositoryConfigurationDelegate : Bootstrapping Spring Data JPA repositories in DEFAULT mode.
2021-05-11 15:02:56.774  INFO 7100 --- [main] .s.d.r.c.RepositoryConfigurationDelegate : Finished Spring Data repository scanning in 9 ms. Found 0 JPA repository interfaces.
2021-05-11 15:02:57.533  INFO 7100 --- [main] o.s.b.w.embedded.tomcat.TomcatWebServer  : Tomcat initialized with port(s): 8080 (http)
2021-05-11 15:02:57.548  INFO 7100 --- [main] o.apache.catalina.core.StandardService   : Starting service [Tomcat]
2021-05-11 15:02:57.548  INFO 7100 --- [main] org.apache.catalina.core.StandardEngine  : Starting Servlet engine: [Apache Tomcat/9.0.45]
2021-05-11 15:02:57.684  INFO 7100 --- [main] o.a.c.c.C.[Tomcat].[localhost].[/]       : Initializing Spring embedded WebApplicationContext
2021-05-11 15:02:57.684  INFO 7100 --- [main] w.s.c.ServletWebServerApplicationContext : Root WebApplicationContext: initialization completed in 1726 ms
2021-05-11 15:02:57.880  INFO 7100 --- [main] com.zaxxer.hikari.HikariDataSource       : HikariPool-1 - Starting...
2021-05-11 15:02:58.299  INFO 7100 --- [main] com.zaxxer.hikari.HikariDataSource       : HikariPool-1 - Start completed.
2021-05-11 15:02:58.361  INFO 7100 --- [main] o.hibernate.jpa.internal.util.LogHelper  : HHH000204: Processing PersistenceUnitInfo [name: default]
2021-05-11 15:02:58.439  INFO 7100 --- [main] org.hibernate.Version                    : HHH000412: Hibernate ORM core version 5.4.30.Final
2021-05-11 15:02:58.676  INFO 7100 --- [main] o.hibernate.annotations.common.Version   : HCANN000001: Hibernate Commons Annotations {5.1.2.Final}
2021-05-11 15:02:58.825  INFO 7100 --- [main] org.hibernate.dialect.Dialect            : HHH000400: Using dialect: org.hibernate.dialect.MySQL8Dialect
2021-05-11 15:02:59.108  INFO 7100 --- [main] o.h.e.t.j.p.i.JtaPlatformInitiator       : HHH000490: Using JtaPlatform implementation: [org.hibernate.engine.transaction.jta.platform.internal.NoJtaPlatform]
2021-05-11 15:02:59.123  INFO 7100 --- [main] j.LocalContainerEntityManagerFactoryBean : Initialized JPA EntityManagerFactory for persistence unit 'default'
2021-05-11 15:02:59.139  WARN 7100 --- [main] ConfigServletWebServerApplicationContext : Exception encountered during context initialization - cancelling refresh attempt: org.springframework.beans.factory.UnsatisfiedDependencyException: Error creating bean with name 'contactController': Unsatisfied dependency expressed through field 'service'; nested exception is org.springframework.beans.factory.NoSuchBeanDefinitionException: No qualifying bean of type 'com.example.practice.domain.service.ContactService' available: expected at least 1 bean which qualifies as autowire candidate. Dependency annotations: {@org.springframework.beans.factory.annotation.Autowired(required=true)}
2021-05-11 15:02:59.139  INFO 7100 --- [main] j.LocalContainerEntityManagerFactoryBean : Closing JPA EntityManagerFactory for persistence unit 'default'
2021-05-11 15:02:59.139  INFO 7100 --- [main] com.zaxxer.hikari.HikariDataSource       : HikariPool-1 - Shutdown initiated...
2021-05-11 15:02:59.159  INFO 7100 --- [main] com.zaxxer.hikari.HikariDataSource       : HikariPool-1 - Shutdown completed.
2021-05-11 15:02:59.162  INFO 7100 --- [main] o.apache.catalina.core.StandardService   : Stopping service [Tomcat]
2021-05-11 15:02:59.167  INFO 7100 --- [main] ConditionEvaluationReportLoggingListener : 

Error starting ApplicationContext. To display the conditions report re-run your application with 'debug' enabled.
2021-05-11 15:02:59.195 ERROR 7100 --- [main] o.s.b.d.LoggingFailureAnalysisReporter   : 

***************************
APPLICATION FAILED TO START
***************************

Description:

Field service in com.example.practice.app.contact.ContactController required a bean of type 'com.example.practice.domain.service.ContactService' that could not be found.

The injection point has the following annotations:
	- @org.springframework.beans.factory.annotation.Autowired(required=true)


Action:

Consider defining a bean of type 'com.example.practice.domain.service.ContactService' in your configuration.

2021-05-11 15:03:45.710  INFO 17796 --- [main] c.e.practice.app.PracticeApplication     : Starting PracticeApplication using Java 16.0.1 on LAPTOP-VV4G52KU with PID 17796 (C:\Users\hikar\Documents\practice\build\classes\java\main started by hikar in C:\Users\hikar\Documents\practice)
2021-05-11 15:03:45.725  INFO 17796 --- [main] c.e.practice.app.PracticeApplication     : No active profile set, falling back to default profiles: default
2021-05-11 15:03:46.449  INFO 17796 --- [main] .s.d.r.c.RepositoryConfigurationDelegate : Bootstrapping Spring Data JPA repositories in DEFAULT mode.
2021-05-11 15:03:46.464  INFO 17796 --- [main] .s.d.r.c.RepositoryConfigurationDelegate : Finished Spring Data repository scanning in 6 ms. Found 0 JPA repository interfaces.
2021-05-11 15:03:47.192  INFO 17796 --- [main] o.s.b.w.embedded.tomcat.TomcatWebServer  : Tomcat initialized with port(s): 8080 (http)
2021-05-11 15:03:47.208  INFO 17796 --- [main] o.apache.catalina.core.StandardService   : Starting service [Tomcat]
2021-05-11 15:03:47.208  INFO 17796 --- [main] org.apache.catalina.core.StandardEngine  : Starting Servlet engine: [Apache Tomcat/9.0.45]
2021-05-11 15:03:47.344  INFO 17796 --- [main] o.a.c.c.C.[Tomcat].[localhost].[/]       : Initializing Spring embedded WebApplicationContext
2021-05-11 15:03:47.344  INFO 17796 --- [main] w.s.c.ServletWebServerApplicationContext : Root WebApplicationContext: initialization completed in 1554 ms
2021-05-11 15:03:47.583  INFO 17796 --- [main] com.zaxxer.hikari.HikariDataSource       : HikariPool-1 - Starting...
2021-05-11 15:03:48.011  INFO 17796 --- [main] com.zaxxer.hikari.HikariDataSource       : HikariPool-1 - Start completed.
2021-05-11 15:03:48.081  INFO 17796 --- [main] o.hibernate.jpa.internal.util.LogHelper  : HHH000204: Processing PersistenceUnitInfo [name: default]
2021-05-11 15:03:48.172  INFO 17796 --- [main] org.hibernate.Version                    : HHH000412: Hibernate ORM core version 5.4.30.Final
2021-05-11 15:03:48.444  INFO 17796 --- [main] o.hibernate.annotations.common.Version   : HCANN000001: Hibernate Commons Annotations {5.1.2.Final}
2021-05-11 15:03:48.616  INFO 17796 --- [main] org.hibernate.dialect.Dialect            : HHH000400: Using dialect: org.hibernate.dialect.MySQL8Dialect
2021-05-11 15:03:48.880  INFO 17796 --- [main] o.h.e.t.j.p.i.JtaPlatformInitiator       : HHH000490: Using JtaPlatform implementation: [org.hibernate.engine.transaction.jta.platform.internal.NoJtaPlatform]
2021-05-11 15:03:48.896  INFO 17796 --- [main] j.LocalContainerEntityManagerFactoryBean : Initialized JPA EntityManagerFactory for persistence unit 'default'
2021-05-11 15:03:48.911  WARN 17796 --- [main] ConfigServletWebServerApplicationContext : Exception encountered during context initialization - cancelling refresh attempt: org.springframework.beans.factory.UnsatisfiedDependencyException: Error creating bean with name 'contactController': Unsatisfied dependency expressed through field 'service'; nested exception is org.springframework.beans.factory.NoSuchBeanDefinitionException: No qualifying bean of type 'com.example.practice.domain.service.ContactService' available: expected at least 1 bean which qualifies as autowire candidate. Dependency annotations: {@org.springframework.beans.factory.annotation.Autowired(required=true)}
2021-05-11 15:03:48.911  INFO 17796 --- [main] j.LocalContainerEntityManagerFactoryBean : Closing JPA EntityManagerFactory for persistence unit 'default'
2021-05-11 15:03:48.911  INFO 17796 --- [main] com.zaxxer.hikari.HikariDataSource       : HikariPool-1 - Shutdown initiated...
2021-05-11 15:03:48.927  INFO 17796 --- [main] com.zaxxer.hikari.HikariDataSource       : HikariPool-1 - Shutdown completed.
2021-05-11 15:03:48.927  INFO 17796 --- [main] o.apache.catalina.core.StandardService   : Stopping service [Tomcat]
2021-05-11 15:03:48.943  INFO 17796 --- [main] ConditionEvaluationReportLoggingListener : 

Error starting ApplicationContext. To display the conditions report re-run your application with 'debug' enabled.
2021-05-11 15:03:48.974 ERROR 17796 --- [main] o.s.b.d.LoggingFailureAnalysisReporter   : 

***************************
APPLICATION FAILED TO START
***************************

Description:

Field service in com.example.practice.app.contact.ContactController required a bean of type 'com.example.practice.domain.service.ContactService' that could not be found.

The injection point has the following annotations:
	- @org.springframework.beans.factory.annotation.Autowired(required=true)


Action:

Consider defining a bean of type 'com.example.practice.domain.service.ContactService' in your configuration.

2021-05-11 15:04:43.205  INFO 4028 --- [main] c.e.practice.app.PracticeApplication     : Starting PracticeApplication using Java 16.0.1 on LAPTOP-VV4G52KU with PID 4028 (C:\Users\hikar\Documents\practice\build\classes\java\main started by hikar in C:\Users\hikar\Documents\practice)
2021-05-11 15:04:43.223  INFO 4028 --- [main] c.e.practice.app.PracticeApplication     : No active profile set, falling back to default profiles: default
2021-05-11 15:04:44.076  INFO 4028 --- [main] .s.d.r.c.RepositoryConfigurationDelegate : Bootstrapping Spring Data JPA repositories in DEFAULT mode.
2021-05-11 15:04:44.107  INFO 4028 --- [main] .s.d.r.c.RepositoryConfigurationDelegate : Finished Spring Data repository scanning in 14 ms. Found 0 JPA repository interfaces.
2021-05-11 15:04:44.824  INFO 4028 --- [main] o.s.b.w.embedded.tomcat.TomcatWebServer  : Tomcat initialized with port(s): 8080 (http)
2021-05-11 15:04:44.839  INFO 4028 --- [main] o.apache.catalina.core.StandardService   : Starting service [Tomcat]
2021-05-11 15:04:44.839  INFO 4028 --- [main] org.apache.catalina.core.StandardEngine  : Starting Servlet engine: [Apache Tomcat/9.0.45]
2021-05-11 15:04:45.003  INFO 4028 --- [main] o.a.c.c.C.[Tomcat].[localhost].[/]       : Initializing Spring embedded WebApplicationContext
2021-05-11 15:04:45.003  INFO 4028 --- [main] w.s.c.ServletWebServerApplicationContext : Root WebApplicationContext: initialization completed in 1688 ms
2021-05-11 15:04:45.198  INFO 4028 --- [main] com.zaxxer.hikari.HikariDataSource       : HikariPool-1 - Starting...
2021-05-11 15:04:45.657  INFO 4028 --- [main] com.zaxxer.hikari.HikariDataSource       : HikariPool-1 - Start completed.
2021-05-11 15:04:45.735  INFO 4028 --- [main] o.hibernate.jpa.internal.util.LogHelper  : HHH000204: Processing PersistenceUnitInfo [name: default]
2021-05-11 15:04:45.783  INFO 4028 --- [main] org.hibernate.Version                    : HHH000412: Hibernate ORM core version 5.4.30.Final
2021-05-11 15:04:45.971  INFO 4028 --- [main] o.hibernate.annotations.common.Version   : HCANN000001: Hibernate Commons Annotations {5.1.2.Final}
2021-05-11 15:04:46.113  INFO 4028 --- [main] org.hibernate.dialect.Dialect            : HHH000400: Using dialect: org.hibernate.dialect.MySQL8Dialect
2021-05-11 15:04:46.333  INFO 4028 --- [main] o.h.e.t.j.p.i.JtaPlatformInitiator       : HHH000490: Using JtaPlatform implementation: [org.hibernate.engine.transaction.jta.platform.internal.NoJtaPlatform]
2021-05-11 15:04:46.349  INFO 4028 --- [main] j.LocalContainerEntityManagerFactoryBean : Initialized JPA EntityManagerFactory for persistence unit 'default'
2021-05-11 15:04:46.350  WARN 4028 --- [main] ConfigServletWebServerApplicationContext : Exception encountered during context initialization - cancelling refresh attempt: org.springframework.beans.factory.UnsatisfiedDependencyException: Error creating bean with name 'contactController': Unsatisfied dependency expressed through field 'service'; nested exception is org.springframework.beans.factory.NoSuchBeanDefinitionException: No qualifying bean of type 'com.example.practice.domain.service.ContactService' available: expected at least 1 bean which qualifies as autowire candidate. Dependency annotations: {@org.springframework.beans.factory.annotation.Autowired(required=true)}
2021-05-11 15:04:46.350  INFO 4028 --- [main] j.LocalContainerEntityManagerFactoryBean : Closing JPA EntityManagerFactory for persistence unit 'default'
2021-05-11 15:04:46.350  INFO 4028 --- [main] com.zaxxer.hikari.HikariDataSource       : HikariPool-1 - Shutdown initiated...
2021-05-11 15:04:46.369  INFO 4028 --- [main] com.zaxxer.hikari.HikariDataSource       : HikariPool-1 - Shutdown completed.
2021-05-11 15:04:46.369  INFO 4028 --- [main] o.apache.catalina.core.StandardService   : Stopping service [Tomcat]
2021-05-11 15:04:46.369  INFO 4028 --- [main] ConditionEvaluationReportLoggingListener : 

Error starting ApplicationContext. To display the conditions report re-run your application with 'debug' enabled.
2021-05-11 15:04:46.385 ERROR 4028 --- [main] o.s.b.d.LoggingFailureAnalysisReporter   : 

***************************
APPLICATION FAILED TO START
***************************

Description:

Field service in com.example.practice.app.contact.ContactController required a bean of type 'com.example.practice.domain.service.ContactService' that could not be found.

The injection point has the following annotations:
	- @org.springframework.beans.factory.annotation.Autowired(required=true)


Action:

Consider defining a bean of type 'com.example.practice.domain.service.ContactService' in your configuration.

2021-05-11 15:05:36.962  INFO 17104 --- [main] c.e.practice.app.PracticeApplication     : Starting PracticeApplication using Java 16.0.1 on LAPTOP-VV4G52KU with PID 17104 (C:\Users\hikar\Documents\practice\build\classes\java\main started by hikar in C:\Users\hikar\Documents\practice)
2021-05-11 15:05:36.962  INFO 17104 --- [main] c.e.practice.app.PracticeApplication     : No active profile set, falling back to default profiles: default
2021-05-11 15:05:37.799  INFO 17104 --- [main] .s.d.r.c.RepositoryConfigurationDelegate : Bootstrapping Spring Data JPA repositories in DEFAULT mode.
2021-05-11 15:05:37.815  INFO 17104 --- [main] .s.d.r.c.RepositoryConfigurationDelegate : Finished Spring Data repository scanning in 7 ms. Found 0 JPA repository interfaces.
2021-05-11 15:05:38.546  INFO 17104 --- [main] o.s.b.w.embedded.tomcat.TomcatWebServer  : Tomcat initialized with port(s): 8080 (http)
2021-05-11 15:05:38.549  INFO 17104 --- [main] o.apache.catalina.core.StandardService   : Starting service [Tomcat]
2021-05-11 15:05:38.549  INFO 17104 --- [main] org.apache.catalina.core.StandardEngine  : Starting Servlet engine: [Apache Tomcat/9.0.45]
2021-05-11 15:05:38.681  INFO 17104 --- [main] o.a.c.c.C.[Tomcat].[localhost].[/]       : Initializing Spring embedded WebApplicationContext
2021-05-11 15:05:38.681  INFO 17104 --- [main] w.s.c.ServletWebServerApplicationContext : Root WebApplicationContext: initialization completed in 1640 ms
2021-05-11 15:05:38.871  INFO 17104 --- [main] com.zaxxer.hikari.HikariDataSource       : HikariPool-1 - Starting...
2021-05-11 15:05:39.232  INFO 17104 --- [main] com.zaxxer.hikari.HikariDataSource       : HikariPool-1 - Start completed.
2021-05-11 15:05:39.291  INFO 17104 --- [main] o.hibernate.jpa.internal.util.LogHelper  : HHH000204: Processing PersistenceUnitInfo [name: default]
2021-05-11 15:05:39.416  INFO 17104 --- [main] org.hibernate.Version                    : HHH000412: Hibernate ORM core version 5.4.30.Final
2021-05-11 15:05:39.634  INFO 17104 --- [main] o.hibernate.annotations.common.Version   : HCANN000001: Hibernate Commons Annotations {5.1.2.Final}
2021-05-11 15:05:39.774  INFO 17104 --- [main] org.hibernate.dialect.Dialect            : HHH000400: Using dialect: org.hibernate.dialect.MySQL8Dialect
2021-05-11 15:05:40.005  INFO 17104 --- [main] o.h.e.t.j.p.i.JtaPlatformInitiator       : HHH000490: Using JtaPlatform implementation: [org.hibernate.engine.transaction.jta.platform.internal.NoJtaPlatform]
2021-05-11 15:05:40.015  INFO 17104 --- [main] j.LocalContainerEntityManagerFactoryBean : Initialized JPA EntityManagerFactory for persistence unit 'default'
2021-05-11 15:05:40.032  WARN 17104 --- [main] ConfigServletWebServerApplicationContext : Exception encountered during context initialization - cancelling refresh attempt: org.springframework.beans.factory.UnsatisfiedDependencyException: Error creating bean with name 'contactController': Unsatisfied dependency expressed through field 'service'; nested exception is org.springframework.beans.factory.NoSuchBeanDefinitionException: No qualifying bean of type 'com.example.practice.domain.service.ContactService' available: expected at least 1 bean which qualifies as autowire candidate. Dependency annotations: {@org.springframework.beans.factory.annotation.Autowired(required=true)}
2021-05-11 15:05:40.032  INFO 17104 --- [main] j.LocalContainerEntityManagerFactoryBean : Closing JPA EntityManagerFactory for persistence unit 'default'
2021-05-11 15:05:40.032  INFO 17104 --- [main] com.zaxxer.hikari.HikariDataSource       : HikariPool-1 - Shutdown initiated...
2021-05-11 15:05:40.052  INFO 17104 --- [main] com.zaxxer.hikari.HikariDataSource       : HikariPool-1 - Shutdown completed.
2021-05-11 15:05:40.052  INFO 17104 --- [main] o.apache.catalina.core.StandardService   : Stopping service [Tomcat]
2021-05-11 15:05:40.068  INFO 17104 --- [main] ConditionEvaluationReportLoggingListener : 

Error starting ApplicationContext. To display the conditions report re-run your application with 'debug' enabled.
2021-05-11 15:05:40.082 ERROR 17104 --- [main] o.s.b.d.LoggingFailureAnalysisReporter   : 

***************************
APPLICATION FAILED TO START
***************************

Description:

Field service in com.example.practice.app.contact.ContactController required a bean of type 'com.example.practice.domain.service.ContactService' that could not be found.

The injection point has the following annotations:
	- @org.springframework.beans.factory.annotation.Autowired(required=true)


Action:

Consider defining a bean of type 'com.example.practice.domain.service.ContactService' in your configuration.

2021-05-11 15:06:40.849  INFO 1344 --- [main] c.e.practice.app.PracticeApplication     : Starting PracticeApplication using Java 16.0.1 on LAPTOP-VV4G52KU with PID 1344 (C:\Users\hikar\Documents\practice\build\classes\java\main started by hikar in C:\Users\hikar\Documents\practice)
2021-05-11 15:06:40.849  INFO 1344 --- [main] c.e.practice.app.PracticeApplication     : No active profile set, falling back to default profiles: default
2021-05-11 15:06:41.699  INFO 1344 --- [main] .s.d.r.c.RepositoryConfigurationDelegate : Bootstrapping Spring Data JPA repositories in DEFAULT mode.
2021-05-11 15:06:41.730  INFO 1344 --- [main] .s.d.r.c.RepositoryConfigurationDelegate : Finished Spring Data repository scanning in 7 ms. Found 0 JPA repository interfaces.
2021-05-11 15:06:42.386  INFO 1344 --- [main] o.s.b.w.embedded.tomcat.TomcatWebServer  : Tomcat initialized with port(s): 8080 (http)
2021-05-11 15:06:42.402  INFO 1344 --- [main] o.apache.catalina.core.StandardService   : Starting service [Tomcat]
2021-05-11 15:06:42.402  INFO 1344 --- [main] org.apache.catalina.core.StandardEngine  : Starting Servlet engine: [Apache Tomcat/9.0.45]
2021-05-11 15:06:42.527  INFO 1344 --- [main] o.a.c.c.C.[Tomcat].[localhost].[/]       : Initializing Spring embedded WebApplicationContext
2021-05-11 15:06:42.527  INFO 1344 --- [main] w.s.c.ServletWebServerApplicationContext : Root WebApplicationContext: initialization completed in 1613 ms
2021-05-11 15:06:42.670  INFO 1344 --- [main] com.zaxxer.hikari.HikariDataSource       : HikariPool-1 - Starting...
2021-05-11 15:06:42.988  INFO 1344 --- [main] com.zaxxer.hikari.HikariDataSource       : HikariPool-1 - Start completed.
2021-05-11 15:06:43.035  INFO 1344 --- [main] o.hibernate.jpa.internal.util.LogHelper  : HHH000204: Processing PersistenceUnitInfo [name: default]
2021-05-11 15:06:43.082  INFO 1344 --- [main] org.hibernate.Version                    : HHH000412: Hibernate ORM core version 5.4.30.Final
2021-05-11 15:06:43.239  INFO 1344 --- [main] o.hibernate.annotations.common.Version   : HCANN000001: Hibernate Commons Annotations {5.1.2.Final}
2021-05-11 15:06:43.395  INFO 1344 --- [main] org.hibernate.dialect.Dialect            : HHH000400: Using dialect: org.hibernate.dialect.MySQL8Dialect
2021-05-11 15:06:43.630  INFO 1344 --- [main] o.h.e.t.j.p.i.JtaPlatformInitiator       : HHH000490: Using JtaPlatform implementation: [org.hibernate.engine.transaction.jta.platform.internal.NoJtaPlatform]
2021-05-11 15:06:43.646  INFO 1344 --- [main] j.LocalContainerEntityManagerFactoryBean : Initialized JPA EntityManagerFactory for persistence unit 'default'
2021-05-11 15:06:43.663  WARN 1344 --- [main] ConfigServletWebServerApplicationContext : Exception encountered during context initialization - cancelling refresh attempt: org.springframework.beans.factory.UnsatisfiedDependencyException: Error creating bean with name 'contactController': Unsatisfied dependency expressed through field 'service'; nested exception is org.springframework.beans.factory.NoSuchBeanDefinitionException: No qualifying bean of type 'com.example.practice.domain.service.ContactService' available: expected at least 1 bean which qualifies as autowire candidate. Dependency annotations: {@org.springframework.beans.factory.annotation.Autowired(required=true)}
2021-05-11 15:06:43.663  INFO 1344 --- [main] j.LocalContainerEntityManagerFactoryBean : Closing JPA EntityManagerFactory for persistence unit 'default'
2021-05-11 15:06:43.663  INFO 1344 --- [main] com.zaxxer.hikari.HikariDataSource       : HikariPool-1 - Shutdown initiated...
2021-05-11 15:06:43.679  INFO 1344 --- [main] com.zaxxer.hikari.HikariDataSource       : HikariPool-1 - Shutdown completed.
2021-05-11 15:06:43.679  INFO 1344 --- [main] o.apache.catalina.core.StandardService   : Stopping service [Tomcat]
2021-05-11 15:06:43.694  INFO 1344 --- [main] ConditionEvaluationReportLoggingListener : 

Error starting ApplicationContext. To display the conditions report re-run your application with 'debug' enabled.
2021-05-11 15:06:43.710 ERROR 1344 --- [main] o.s.b.d.LoggingFailureAnalysisReporter   : 

***************************
APPLICATION FAILED TO START
***************************

Description:

Field service in com.example.practice.app.contact.ContactController required a bean of type 'com.example.practice.domain.service.ContactService' that could not be found.

The injection point has the following annotations:
	- @org.springframework.beans.factory.annotation.Autowired(required=true)


Action:

Consider defining a bean of type 'com.example.practice.domain.service.ContactService' in your configuration.

2021-05-11 15:10:19.776  INFO 4924 --- [main] c.example.practice.PracticeApplication   : Starting PracticeApplication using Java 16.0.1 on LAPTOP-VV4G52KU with PID 4924 (C:\Users\hikar\Documents\practice\build\classes\java\main started by hikar in C:\Users\hikar\Documents\practice)
2021-05-11 15:10:19.781  INFO 4924 --- [main] c.example.practice.PracticeApplication   : No active profile set, falling back to default profiles: default
2021-05-11 15:10:21.957  INFO 4924 --- [main] .s.d.r.c.RepositoryConfigurationDelegate : Bootstrapping Spring Data JPA repositories in DEFAULT mode.
2021-05-11 15:10:21.996  INFO 4924 --- [main] .s.d.r.c.RepositoryConfigurationDelegate : Finished Spring Data repository scanning in 18 ms. Found 0 JPA repository interfaces.
2021-05-11 15:10:24.297  INFO 4924 --- [main] o.s.b.w.embedded.tomcat.TomcatWebServer  : Tomcat initialized with port(s): 8080 (http)
2021-05-11 15:10:24.312  INFO 4924 --- [main] o.apache.catalina.core.StandardService   : Starting service [Tomcat]
2021-05-11 15:10:24.312  INFO 4924 --- [main] org.apache.catalina.core.StandardEngine  : Starting Servlet engine: [Apache Tomcat/9.0.45]
2021-05-11 15:10:24.439  INFO 4924 --- [main] o.a.c.c.C.[Tomcat].[localhost].[/]       : Initializing Spring embedded WebApplicationContext
2021-05-11 15:10:24.454  INFO 4924 --- [main] w.s.c.ServletWebServerApplicationContext : Root WebApplicationContext: initialization completed in 4545 ms
2021-05-11 15:10:24.623  INFO 4924 --- [main] com.zaxxer.hikari.HikariDataSource       : HikariPool-1 - Starting...
2021-05-11 15:10:25.087  INFO 4924 --- [main] com.zaxxer.hikari.HikariDataSource       : HikariPool-1 - Start completed.
2021-05-11 15:10:25.154  INFO 4924 --- [main] o.hibernate.jpa.internal.util.LogHelper  : HHH000204: Processing PersistenceUnitInfo [name: default]
2021-05-11 15:10:25.198  INFO 4924 --- [main] org.hibernate.Version                    : HHH000412: Hibernate ORM core version 5.4.30.Final
2021-05-11 15:10:25.465  INFO 4924 --- [main] o.hibernate.annotations.common.Version   : HCANN000001: Hibernate Commons Annotations {5.1.2.Final}
2021-05-11 15:10:25.643  INFO 4924 --- [main] org.hibernate.dialect.Dialect            : HHH000400: Using dialect: org.hibernate.dialect.MySQL8Dialect
2021-05-11 15:10:25.895  INFO 4924 --- [main] o.h.e.t.j.p.i.JtaPlatformInitiator       : HHH000490: Using JtaPlatform implementation: [org.hibernate.engine.transaction.jta.platform.internal.NoJtaPlatform]
2021-05-11 15:10:25.911  INFO 4924 --- [main] j.LocalContainerEntityManagerFactoryBean : Initialized JPA EntityManagerFactory for persistence unit 'default'
2021-05-11 15:10:26.006  WARN 4924 --- [main] JpaBaseConfiguration$JpaWebConfiguration : spring.jpa.open-in-view is enabled by default. Therefore, database queries may be performed during view rendering. Explicitly configure spring.jpa.open-in-view to disable this warning
2021-05-11 15:10:26.175  INFO 4924 --- [main] o.s.s.concurrent.ThreadPoolTaskExecutor  : Initializing ExecutorService 'applicationTaskExecutor'
2021-05-11 15:10:26.270  INFO 4924 --- [main] o.s.b.a.w.s.WelcomePageHandlerMapping    : Adding welcome page template: index
2021-05-11 15:10:26.475  INFO 4924 --- [main] o.s.b.w.embedded.tomcat.TomcatWebServer  : Tomcat started on port(s): 8080 (http) with context path ''
2021-05-11 15:10:26.490  INFO 4924 --- [main] c.example.practice.PracticeApplication   : Started PracticeApplication in 7.497 seconds (JVM running for 8.383)
2021-05-11 15:10:54.674  INFO 4924 --- [http-nio-8080-exec-1] o.a.c.c.C.[Tomcat].[localhost].[/]       : Initializing Spring DispatcherServlet 'dispatcherServlet'
2021-05-11 15:10:54.675  INFO 4924 --- [http-nio-8080-exec-1] o.s.web.servlet.DispatcherServlet        : Initializing Servlet 'dispatcherServlet'
2021-05-11 15:10:54.676  INFO 4924 --- [http-nio-8080-exec-1] o.s.web.servlet.DispatcherServlet        : Completed initialization in 1 ms
2021-05-11 15:10:54.778  INFO 4924 --- [http-nio-8080-exec-1] com.example.practice.LoggingService      : 情報ログです
2021-05-11 15:10:54.778  WARN 4924 --- [http-nio-8080-exec-1] com.example.practice.LoggingService      : 警告ログです
2021-05-11 15:11:01.188  INFO 4924 --- [http-nio-8080-exec-4] com.example.practice.LoggingService      : 情報ログです
2021-05-11 15:11:01.189  WARN 4924 --- [http-nio-8080-exec-4] com.example.practice.LoggingService      : 警告ログです
2021-05-11 15:24:53.480  INFO 10356 --- [main] c.example.practice.PracticeApplication   : Starting PracticeApplication using Java 16.0.1 on LAPTOP-VV4G52KU with PID 10356 (C:\Users\hikar\Documents\practice\build\classes\java\main started by hikar in C:\Users\hikar\Documents\practice)
2021-05-11 15:24:53.484  INFO 10356 --- [main] c.example.practice.PracticeApplication   : No active profile set, falling back to default profiles: default
2021-05-11 15:24:54.365  INFO 10356 --- [main] .s.d.r.c.RepositoryConfigurationDelegate : Bootstrapping Spring Data JPA repositories in DEFAULT mode.
2021-05-11 15:24:54.391  INFO 10356 --- [main] .s.d.r.c.RepositoryConfigurationDelegate : Finished Spring Data repository scanning in 12 ms. Found 0 JPA repository interfaces.
2021-05-11 15:24:55.117  INFO 10356 --- [main] o.s.b.w.embedded.tomcat.TomcatWebServer  : Tomcat initialized with port(s): 8080 (http)
2021-05-11 15:24:55.133  INFO 10356 --- [main] o.apache.catalina.core.StandardService   : Starting service [Tomcat]
2021-05-11 15:24:55.134  INFO 10356 --- [main] org.apache.catalina.core.StandardEngine  : Starting Servlet engine: [Apache Tomcat/9.0.45]
2021-05-11 15:24:55.263  INFO 10356 --- [main] o.a.c.c.C.[Tomcat].[localhost].[/]       : Initializing Spring embedded WebApplicationContext
2021-05-11 15:24:55.264  INFO 10356 --- [main] w.s.c.ServletWebServerApplicationContext : Root WebApplicationContext: initialization completed in 1713 ms
2021-05-11 15:24:55.431  INFO 10356 --- [main] com.zaxxer.hikari.HikariDataSource       : HikariPool-1 - Starting...
2021-05-11 15:24:55.895  INFO 10356 --- [main] com.zaxxer.hikari.HikariDataSource       : HikariPool-1 - Start completed.
2021-05-11 15:24:55.963  INFO 10356 --- [main] o.hibernate.jpa.internal.util.LogHelper  : HHH000204: Processing PersistenceUnitInfo [name: default]
2021-05-11 15:24:56.080  INFO 10356 --- [main] org.hibernate.Version                    : HHH000412: Hibernate ORM core version 5.4.30.Final
2021-05-11 15:24:56.299  INFO 10356 --- [main] o.hibernate.annotations.common.Version   : HCANN000001: Hibernate Commons Annotations {5.1.2.Final}
2021-05-11 15:24:56.437  INFO 10356 --- [main] org.hibernate.dialect.Dialect            : HHH000400: Using dialect: org.hibernate.dialect.MySQL8Dialect
2021-05-11 15:24:56.674  INFO 10356 --- [main] o.h.e.t.j.p.i.JtaPlatformInitiator       : HHH000490: Using JtaPlatform implementation: [org.hibernate.engine.transaction.jta.platform.internal.NoJtaPlatform]
2021-05-11 15:24:56.688  INFO 10356 --- [main] j.LocalContainerEntityManagerFactoryBean : Initialized JPA EntityManagerFactory for persistence unit 'default'
2021-05-11 15:24:56.787  WARN 10356 --- [main] JpaBaseConfiguration$JpaWebConfiguration : spring.jpa.open-in-view is enabled by default. Therefore, database queries may be performed during view rendering. Explicitly configure spring.jpa.open-in-view to disable this warning
2021-05-11 15:24:56.906  INFO 10356 --- [main] o.s.s.concurrent.ThreadPoolTaskExecutor  : Initializing ExecutorService 'applicationTaskExecutor'
2021-05-11 15:24:56.995  INFO 10356 --- [main] o.s.b.a.w.s.WelcomePageHandlerMapping    : Adding welcome page template: index
2021-05-11 15:24:57.173  INFO 10356 --- [main] o.s.b.w.embedded.tomcat.TomcatWebServer  : Tomcat started on port(s): 8080 (http) with context path ''
2021-05-11 15:24:57.182  INFO 10356 --- [main] c.example.practice.PracticeApplication   : Started PracticeApplication in 4.285 seconds (JVM running for 4.9)
2021-05-11 15:25:08.965  INFO 10356 --- [http-nio-8080-exec-1] o.a.c.c.C.[Tomcat].[localhost].[/]       : Initializing Spring DispatcherServlet 'dispatcherServlet'
2021-05-11 15:25:08.965  INFO 10356 --- [http-nio-8080-exec-1] o.s.web.servlet.DispatcherServlet        : Initializing Servlet 'dispatcherServlet'
2021-05-11 15:25:08.967  INFO 10356 --- [http-nio-8080-exec-1] o.s.web.servlet.DispatcherServlet        : Completed initialization in 1 ms
2021-05-11 15:25:09.089  INFO 10356 --- [http-nio-8080-exec-1] com.example.practice.LoggingService      : 情報ログです
2021-05-11 15:25:09.090  WARN 10356 --- [http-nio-8080-exec-1] com.example.practice.LoggingService      : 警告ログです
2021-05-11 15:26:30.716  INFO 14052 --- [main] c.example.practice.PracticeApplication   : Starting PracticeApplication using Java 16.0.1 on LAPTOP-VV4G52KU with PID 14052 (C:\Users\hikar\Documents\practice\build\classes\java\main started by hikar in C:\Users\hikar\Documents\practice)
2021-05-11 15:26:30.719  INFO 14052 --- [main] c.example.practice.PracticeApplication   : No active profile set, falling back to default profiles: default
2021-05-11 15:26:31.707  INFO 14052 --- [main] .s.d.r.c.RepositoryConfigurationDelegate : Bootstrapping Spring Data JPA repositories in DEFAULT mode.
2021-05-11 15:26:31.728  INFO 14052 --- [main] .s.d.r.c.RepositoryConfigurationDelegate : Finished Spring Data repository scanning in 14 ms. Found 0 JPA repository interfaces.
2021-05-11 15:26:32.550  INFO 14052 --- [main] o.s.b.w.embedded.tomcat.TomcatWebServer  : Tomcat initialized with port(s): 8080 (http)
2021-05-11 15:26:32.579  INFO 14052 --- [main] o.apache.catalina.core.StandardService   : Starting service [Tomcat]
2021-05-11 15:26:32.580  INFO 14052 --- [main] org.apache.catalina.core.StandardEngine  : Starting Servlet engine: [Apache Tomcat/9.0.45]
2021-05-11 15:26:32.706  INFO 14052 --- [main] o.a.c.c.C.[Tomcat].[localhost].[/]       : Initializing Spring embedded WebApplicationContext
2021-05-11 15:26:32.706  INFO 14052 --- [main] w.s.c.ServletWebServerApplicationContext : Root WebApplicationContext: initialization completed in 1923 ms
2021-05-11 15:26:32.897  INFO 14052 --- [main] com.zaxxer.hikari.HikariDataSource       : HikariPool-1 - Starting...
2021-05-11 15:26:33.336  INFO 14052 --- [main] com.zaxxer.hikari.HikariDataSource       : HikariPool-1 - Start completed.
2021-05-11 15:26:33.396  INFO 14052 --- [main] o.hibernate.jpa.internal.util.LogHelper  : HHH000204: Processing PersistenceUnitInfo [name: default]
2021-05-11 15:26:33.474  INFO 14052 --- [main] org.hibernate.Version                    : HHH000412: Hibernate ORM core version 5.4.30.Final
2021-05-11 15:26:33.723  INFO 14052 --- [main] o.hibernate.annotations.common.Version   : HCANN000001: Hibernate Commons Annotations {5.1.2.Final}
2021-05-11 15:26:33.903  INFO 14052 --- [main] org.hibernate.dialect.Dialect            : HHH000400: Using dialect: org.hibernate.dialect.MySQL8Dialect
2021-05-11 15:26:34.177  INFO 14052 --- [main] o.h.e.t.j.p.i.JtaPlatformInitiator       : HHH000490: Using JtaPlatform implementation: [org.hibernate.engine.transaction.jta.platform.internal.NoJtaPlatform]
2021-05-11 15:26:34.193  INFO 14052 --- [main] j.LocalContainerEntityManagerFactoryBean : Initialized JPA EntityManagerFactory for persistence unit 'default'
2021-05-11 15:26:34.353  WARN 14052 --- [main] JpaBaseConfiguration$JpaWebConfiguration : spring.jpa.open-in-view is enabled by default. Therefore, database queries may be performed during view rendering. Explicitly configure spring.jpa.open-in-view to disable this warning
2021-05-11 15:26:34.497  INFO 14052 --- [main] o.s.s.concurrent.ThreadPoolTaskExecutor  : Initializing ExecutorService 'applicationTaskExecutor'
2021-05-11 15:26:34.629  INFO 14052 --- [main] o.s.b.a.w.s.WelcomePageHandlerMapping    : Adding welcome page template: index
2021-05-11 15:26:34.831  INFO 14052 --- [main] o.s.b.w.embedded.tomcat.TomcatWebServer  : Tomcat started on port(s): 8080 (http) with context path ''
2021-05-11 15:26:34.842  INFO 14052 --- [main] c.example.practice.PracticeApplication   : Started PracticeApplication in 4.559 seconds (JVM running for 5.044)
2021-05-11 15:26:47.183  INFO 14052 --- [http-nio-8080-exec-1] o.a.c.c.C.[Tomcat].[localhost].[/]       : Initializing Spring DispatcherServlet 'dispatcherServlet'
2021-05-11 15:26:47.184  INFO 14052 --- [http-nio-8080-exec-1] o.s.web.servlet.DispatcherServlet        : Initializing Servlet 'dispatcherServlet'
2021-05-11 15:26:47.186  INFO 14052 --- [http-nio-8080-exec-1] o.s.web.servlet.DispatcherServlet        : Completed initialization in 2 ms
2021-05-11 15:27:26.585  INFO 19040 --- [main] c.example.practice.PracticeApplication   : Starting PracticeApplication using Java 16.0.1 on LAPTOP-VV4G52KU with PID 19040 (C:\Users\hikar\Documents\practice\build\classes\java\main started by hikar in C:\Users\hikar\Documents\practice)
2021-05-11 15:27:26.588  INFO 19040 --- [main] c.example.practice.PracticeApplication   : No active profile set, falling back to default profiles: default
2021-05-11 15:27:27.556  INFO 19040 --- [main] .s.d.r.c.RepositoryConfigurationDelegate : Bootstrapping Spring Data JPA repositories in DEFAULT mode.
2021-05-11 15:27:27.587  INFO 19040 --- [main] .s.d.r.c.RepositoryConfigurationDelegate : Finished Spring Data repository scanning in 12 ms. Found 0 JPA repository interfaces.
2021-05-11 15:27:28.314  INFO 19040 --- [main] o.s.b.w.embedded.tomcat.TomcatWebServer  : Tomcat initialized with port(s): 8080 (http)
2021-05-11 15:27:28.355  INFO 19040 --- [main] o.apache.catalina.core.StandardService   : Starting service [Tomcat]
2021-05-11 15:27:28.355  INFO 19040 --- [main] org.apache.catalina.core.StandardEngine  : Starting Servlet engine: [Apache Tomcat/9.0.45]
2021-05-11 15:27:28.512  INFO 19040 --- [main] o.a.c.c.C.[Tomcat].[localhost].[/]       : Initializing Spring embedded WebApplicationContext
2021-05-11 15:27:28.512  INFO 19040 --- [main] w.s.c.ServletWebServerApplicationContext : Root WebApplicationContext: initialization completed in 1844 ms
2021-05-11 15:27:28.701  INFO 19040 --- [main] com.zaxxer.hikari.HikariDataSource       : HikariPool-1 - Starting...
2021-05-11 15:27:29.102  INFO 19040 --- [main] com.zaxxer.hikari.HikariDataSource       : HikariPool-1 - Start completed.
2021-05-11 15:27:29.149  INFO 19040 --- [main] o.hibernate.jpa.internal.util.LogHelper  : HHH000204: Processing PersistenceUnitInfo [name: default]
2021-05-11 15:27:29.199  INFO 19040 --- [main] org.hibernate.Version                    : HHH000412: Hibernate ORM core version 5.4.30.Final
2021-05-11 15:27:29.348  INFO 19040 --- [main] o.hibernate.annotations.common.Version   : HCANN000001: Hibernate Commons Annotations {5.1.2.Final}
2021-05-11 15:27:29.503  INFO 19040 --- [main] org.hibernate.dialect.Dialect            : HHH000400: Using dialect: org.hibernate.dialect.MySQL8Dialect
2021-05-11 15:27:29.708  INFO 19040 --- [main] o.h.e.t.j.p.i.JtaPlatformInitiator       : HHH000490: Using JtaPlatform implementation: [org.hibernate.engine.transaction.jta.platform.internal.NoJtaPlatform]
2021-05-11 15:27:29.725  INFO 19040 --- [main] j.LocalContainerEntityManagerFactoryBean : Initialized JPA EntityManagerFactory for persistence unit 'default'
2021-05-11 15:27:29.803  WARN 19040 --- [main] JpaBaseConfiguration$JpaWebConfiguration : spring.jpa.open-in-view is enabled by default. Therefore, database queries may be performed during view rendering. Explicitly configure spring.jpa.open-in-view to disable this warning
2021-05-11 15:27:29.918  INFO 19040 --- [main] o.s.s.concurrent.ThreadPoolTaskExecutor  : Initializing ExecutorService 'applicationTaskExecutor'
2021-05-11 15:27:29.994  INFO 19040 --- [main] o.s.b.a.w.s.WelcomePageHandlerMapping    : Adding welcome page template: index
2021-05-11 15:27:30.162  INFO 19040 --- [main] o.s.b.w.embedded.tomcat.TomcatWebServer  : Tomcat started on port(s): 8080 (http) with context path ''
2021-05-11 15:27:30.162  INFO 19040 --- [main] c.example.practice.PracticeApplication   : Started PracticeApplication in 4.082 seconds (JVM running for 4.539)
2021-05-11 15:27:33.281  INFO 19040 --- [http-nio-8080-exec-1] o.a.c.c.C.[Tomcat].[localhost].[/]       : Initializing Spring DispatcherServlet 'dispatcherServlet'
2021-05-11 15:27:33.283  INFO 19040 --- [http-nio-8080-exec-1] o.s.web.servlet.DispatcherServlet        : Initializing Servlet 'dispatcherServlet'
2021-05-11 15:27:33.287  INFO 19040 --- [http-nio-8080-exec-1] o.s.web.servlet.DispatcherServlet        : Completed initialization in 2 ms
2021-05-11 15:32:15.805  INFO 1540 --- [main] c.example.practice.PracticeApplication   : Starting PracticeApplication using Java 16.0.1 on LAPTOP-VV4G52KU with PID 1540 (C:\Users\hikar\Documents\practice\build\classes\java\main started by hikar in C:\Users\hikar\Documents\practice)
2021-05-11 15:32:15.816  INFO 1540 --- [main] c.example.practice.PracticeApplication   : No active profile set, falling back to default profiles: default
2021-05-11 15:32:16.680  INFO 1540 --- [main] .s.d.r.c.RepositoryConfigurationDelegate : Bootstrapping Spring Data JPA repositories in DEFAULT mode.
2021-05-11 15:32:16.697  INFO 1540 --- [main] .s.d.r.c.RepositoryConfigurationDelegate : Finished Spring Data repository scanning in 9 ms. Found 0 JPA repository interfaces.
2021-05-11 15:32:17.322  INFO 1540 --- [main] o.s.b.w.embedded.tomcat.TomcatWebServer  : Tomcat initialized with port(s): 8080 (http)
2021-05-11 15:32:17.342  INFO 1540 --- [main] o.apache.catalina.core.StandardService   : Starting service [Tomcat]
2021-05-11 15:32:17.342  INFO 1540 --- [main] org.apache.catalina.core.StandardEngine  : Starting Servlet engine: [Apache Tomcat/9.0.45]
2021-05-11 15:32:17.472  INFO 1540 --- [main] o.a.c.c.C.[Tomcat].[localhost].[/]       : Initializing Spring embedded WebApplicationContext
2021-05-11 15:32:17.472  INFO 1540 --- [main] w.s.c.ServletWebServerApplicationContext : Root WebApplicationContext: initialization completed in 1606 ms
2021-05-11 15:32:17.659  INFO 1540 --- [main] com.zaxxer.hikari.HikariDataSource       : HikariPool-1 - Starting...
2021-05-11 15:32:18.082  INFO 1540 --- [main] com.zaxxer.hikari.HikariDataSource       : HikariPool-1 - Start completed.
2021-05-11 15:32:18.145  INFO 1540 --- [main] o.hibernate.jpa.internal.util.LogHelper  : HHH000204: Processing PersistenceUnitInfo [name: default]
2021-05-11 15:32:18.223  INFO 1540 --- [main] org.hibernate.Version                    : HHH000412: Hibernate ORM core version 5.4.30.Final
2021-05-11 15:32:18.457  INFO 1540 --- [main] o.hibernate.annotations.common.Version   : HCANN000001: Hibernate Commons Annotations {5.1.2.Final}
2021-05-11 15:32:18.625  INFO 1540 --- [main] org.hibernate.dialect.Dialect            : HHH000400: Using dialect: org.hibernate.dialect.MySQL8Dialect
2021-05-11 15:32:18.906  INFO 1540 --- [main] o.h.e.t.j.p.i.JtaPlatformInitiator       : HHH000490: Using JtaPlatform implementation: [org.hibernate.engine.transaction.jta.platform.internal.NoJtaPlatform]
2021-05-11 15:32:18.908  INFO 1540 --- [main] j.LocalContainerEntityManagerFactoryBean : Initialized JPA EntityManagerFactory for persistence unit 'default'
2021-05-11 15:32:19.003  WARN 1540 --- [main] JpaBaseConfiguration$JpaWebConfiguration : spring.jpa.open-in-view is enabled by default. Therefore, database queries may be performed during view rendering. Explicitly configure spring.jpa.open-in-view to disable this warning
2021-05-11 15:32:19.128  INFO 1540 --- [main] o.s.s.concurrent.ThreadPoolTaskExecutor  : Initializing ExecutorService 'applicationTaskExecutor'
2021-05-11 15:32:19.222  INFO 1540 --- [main] o.s.b.a.w.s.WelcomePageHandlerMapping    : Adding welcome page template: index
2021-05-11 15:32:19.424  INFO 1540 --- [main] o.s.b.w.embedded.tomcat.TomcatWebServer  : Tomcat started on port(s): 8080 (http) with context path ''
2021-05-11 15:32:19.440  INFO 1540 --- [main] c.example.practice.PracticeApplication   : Started PracticeApplication in 4.097 seconds (JVM running for 4.679)
2021-05-11 15:32:32.473  INFO 1540 --- [http-nio-8080-exec-1] o.a.c.c.C.[Tomcat].[localhost].[/]       : Initializing Spring DispatcherServlet 'dispatcherServlet'
2021-05-11 15:32:32.474  INFO 1540 --- [http-nio-8080-exec-1] o.s.web.servlet.DispatcherServlet        : Initializing Servlet 'dispatcherServlet'
2021-05-11 15:32:32.475  INFO 1540 --- [http-nio-8080-exec-1] o.s.web.servlet.DispatcherServlet        : Completed initialization in 1 ms
2021-05-11 15:33:38.984  INFO 3728 --- [main] c.example.practice.PracticeApplication   : Starting PracticeApplication using Java 16.0.1 on LAPTOP-VV4G52KU with PID 3728 (C:\Users\hikar\Documents\practice\build\classes\java\main started by hikar in C:\Users\hikar\Documents\practice)
2021-05-11 15:33:39.000  INFO 3728 --- [main] c.example.practice.PracticeApplication   : No active profile set, falling back to default profiles: default
2021-05-11 15:33:40.039  INFO 3728 --- [main] .s.d.r.c.RepositoryConfigurationDelegate : Bootstrapping Spring Data JPA repositories in DEFAULT mode.
2021-05-11 15:33:40.063  INFO 3728 --- [main] .s.d.r.c.RepositoryConfigurationDelegate : Finished Spring Data repository scanning in 11 ms. Found 0 JPA repository interfaces.
2021-05-11 15:33:40.797  INFO 3728 --- [main] o.s.b.w.embedded.tomcat.TomcatWebServer  : Tomcat initialized with port(s): 8080 (http)
2021-05-11 15:33:40.824  INFO 3728 --- [main] o.apache.catalina.core.StandardService   : Starting service [Tomcat]
2021-05-11 15:33:40.824  INFO 3728 --- [main] org.apache.catalina.core.StandardEngine  : Starting Servlet engine: [Apache Tomcat/9.0.45]
2021-05-11 15:33:40.990  INFO 3728 --- [main] o.a.c.c.C.[Tomcat].[localhost].[/]       : Initializing Spring embedded WebApplicationContext
2021-05-11 15:33:40.990  INFO 3728 --- [main] w.s.c.ServletWebServerApplicationContext : Root WebApplicationContext: initialization completed in 1939 ms
2021-05-11 15:33:41.185  INFO 3728 --- [main] com.zaxxer.hikari.HikariDataSource       : HikariPool-1 - Starting...
2021-05-11 15:33:41.645  INFO 3728 --- [main] com.zaxxer.hikari.HikariDataSource       : HikariPool-1 - Start completed.
2021-05-11 15:33:41.711  INFO 3728 --- [main] o.hibernate.jpa.internal.util.LogHelper  : HHH000204: Processing PersistenceUnitInfo [name: default]
2021-05-11 15:33:41.787  INFO 3728 --- [main] org.hibernate.Version                    : HHH000412: Hibernate ORM core version 5.4.30.Final
2021-05-11 15:33:42.007  INFO 3728 --- [main] o.hibernate.annotations.common.Version   : HCANN000001: Hibernate Commons Annotations {5.1.2.Final}
2021-05-11 15:33:42.212  INFO 3728 --- [main] org.hibernate.dialect.Dialect            : HHH000400: Using dialect: org.hibernate.dialect.MySQL8Dialect
2021-05-11 15:33:42.523  INFO 3728 --- [main] o.h.e.t.j.p.i.JtaPlatformInitiator       : HHH000490: Using JtaPlatform implementation: [org.hibernate.engine.transaction.jta.platform.internal.NoJtaPlatform]
2021-05-11 15:33:42.555  INFO 3728 --- [main] j.LocalContainerEntityManagerFactoryBean : Initialized JPA EntityManagerFactory for persistence unit 'default'
2021-05-11 15:33:42.664  WARN 3728 --- [main] JpaBaseConfiguration$JpaWebConfiguration : spring.jpa.open-in-view is enabled by default. Therefore, database queries may be performed during view rendering. Explicitly configure spring.jpa.open-in-view to disable this warning
2021-05-11 15:33:42.788  INFO 3728 --- [main] o.s.s.concurrent.ThreadPoolTaskExecutor  : Initializing ExecutorService 'applicationTaskExecutor'
2021-05-11 15:33:42.898  INFO 3728 --- [main] o.s.b.a.w.s.WelcomePageHandlerMapping    : Adding welcome page template: index
2021-05-11 15:33:43.116  INFO 3728 --- [main] o.s.b.w.embedded.tomcat.TomcatWebServer  : Tomcat started on port(s): 8080 (http) with context path ''
2021-05-11 15:33:43.116  INFO 3728 --- [main] c.example.practice.PracticeApplication   : Started PracticeApplication in 4.594 seconds (JVM running for 5.103)
2021-05-11 15:33:53.424  INFO 3728 --- [http-nio-8080-exec-1] o.a.c.c.C.[Tomcat].[localhost].[/]       : Initializing Spring DispatcherServlet 'dispatcherServlet'
2021-05-11 15:33:53.424  INFO 3728 --- [http-nio-8080-exec-1] o.s.web.servlet.DispatcherServlet        : Initializing Servlet 'dispatcherServlet'
2021-05-11 15:33:53.426  INFO 3728 --- [http-nio-8080-exec-1] o.s.web.servlet.DispatcherServlet        : Completed initialization in 1 ms
2021-05-11 15:34:20.338  INFO 3728 --- [http-nio-8080-exec-2] com.example.practice.LoggingService      : 情報ログです
2021-05-11 15:34:20.339  WARN 3728 --- [http-nio-8080-exec-2] com.example.practice.LoggingService      : 警告ログです
2021-05-11 15:34:25.103  INFO 3728 --- [http-nio-8080-exec-4] com.example.practice.LoggingService      : 情報ログです
2021-05-11 15:34:25.104  WARN 3728 --- [http-nio-8080-exec-4] com.example.practice.LoggingService      : 警告ログです
2021-05-11 15:35:08.061  INFO 3728 --- [http-nio-8080-exec-1] com.example.practice.LoggingService      : 情報ログです
2021-05-11 15:35:08.063  WARN 3728 --- [http-nio-8080-exec-1] com.example.practice.LoggingService      : 警告ログです
2021-05-11 16:50:57.747  INFO 15500 --- [main] c.example.practice.PracticeApplication   : Starting PracticeApplication using Java 16.0.1 on LAPTOP-VV4G52KU with PID 15500 (C:\Users\hikar\Documents\practice\build\classes\java\main started by hikar in C:\Users\hikar\Documents\practice)
2021-05-11 16:50:57.747  INFO 15500 --- [main] c.example.practice.PracticeApplication   : No active profile set, falling back to default profiles: default
2021-05-11 16:50:58.785  INFO 15500 --- [main] .s.d.r.c.RepositoryConfigurationDelegate : Bootstrapping Spring Data JPA repositories in DEFAULT mode.
2021-05-11 16:50:58.801  INFO 15500 --- [main] .s.d.r.c.RepositoryConfigurationDelegate : Finished Spring Data repository scanning in 11 ms. Found 0 JPA repository interfaces.
2021-05-11 16:50:59.630  INFO 15500 --- [main] o.s.b.w.embedded.tomcat.TomcatWebServer  : Tomcat initialized with port(s): 8080 (http)
2021-05-11 16:50:59.646  INFO 15500 --- [main] o.apache.catalina.core.StandardService   : Starting service [Tomcat]
2021-05-11 16:50:59.646  INFO 15500 --- [main] org.apache.catalina.core.StandardEngine  : Starting Servlet engine: [Apache Tomcat/9.0.45]
2021-05-11 16:50:59.801  INFO 15500 --- [main] o.a.c.c.C.[Tomcat].[localhost].[/]       : Initializing Spring embedded WebApplicationContext
2021-05-11 16:50:59.801  INFO 15500 --- [main] w.s.c.ServletWebServerApplicationContext : Root WebApplicationContext: initialization completed in 1974 ms
2021-05-11 16:50:59.988  INFO 15500 --- [main] com.zaxxer.hikari.HikariDataSource       : HikariPool-1 - Starting...
2021-05-11 16:51:00.479  INFO 15500 --- [main] com.zaxxer.hikari.HikariDataSource       : HikariPool-1 - Start completed.
2021-05-11 16:51:00.526  INFO 15500 --- [main] o.hibernate.jpa.internal.util.LogHelper  : HHH000204: Processing PersistenceUnitInfo [name: default]
2021-05-11 16:51:00.590  INFO 15500 --- [main] org.hibernate.Version                    : HHH000412: Hibernate ORM core version 5.4.30.Final
2021-05-11 16:51:00.866  INFO 15500 --- [main] o.hibernate.annotations.common.Version   : HCANN000001: Hibernate Commons Annotations {5.1.2.Final}
2021-05-11 16:51:01.069  INFO 15500 --- [main] org.hibernate.dialect.Dialect            : HHH000400: Using dialect: org.hibernate.dialect.MySQL8Dialect
2021-05-11 16:51:01.382  INFO 15500 --- [main] o.h.e.t.j.p.i.JtaPlatformInitiator       : HHH000490: Using JtaPlatform implementation: [org.hibernate.engine.transaction.jta.platform.internal.NoJtaPlatform]
2021-05-11 16:51:01.398  INFO 15500 --- [main] j.LocalContainerEntityManagerFactoryBean : Initialized JPA EntityManagerFactory for persistence unit 'default'
2021-05-11 16:51:01.491  WARN 15500 --- [main] JpaBaseConfiguration$JpaWebConfiguration : spring.jpa.open-in-view is enabled by default. Therefore, database queries may be performed during view rendering. Explicitly configure spring.jpa.open-in-view to disable this warning
2021-05-11 16:51:01.635  INFO 15500 --- [main] o.s.s.concurrent.ThreadPoolTaskExecutor  : Initializing ExecutorService 'applicationTaskExecutor'
2021-05-11 16:51:01.728  INFO 15500 --- [main] o.s.b.a.w.s.WelcomePageHandlerMapping    : Adding welcome page template: index
2021-05-11 16:51:01.931  INFO 15500 --- [main] o.s.b.w.embedded.tomcat.TomcatWebServer  : Tomcat started on port(s): 8080 (http) with context path ''
2021-05-11 16:51:01.947  INFO 15500 --- [main] c.example.practice.PracticeApplication   : Started PracticeApplication in 4.695 seconds (JVM running for 5.167)
2021-05-11 16:51:08.742  INFO 15500 --- [http-nio-8080-exec-1] o.a.c.c.C.[Tomcat].[localhost].[/]       : Initializing Spring DispatcherServlet 'dispatcherServlet'
2021-05-11 16:51:08.743  INFO 15500 --- [http-nio-8080-exec-1] o.s.web.servlet.DispatcherServlet        : Initializing Servlet 'dispatcherServlet'
2021-05-11 16:51:08.745  INFO 15500 --- [http-nio-8080-exec-1] o.s.web.servlet.DispatcherServlet        : Completed initialization in 1 ms
2021-05-11 16:51:16.060  INFO 15500 --- [http-nio-8080-exec-5] com.example.practice.LoggingService      : 情報ログです
2021-05-11 16:51:16.061  WARN 15500 --- [http-nio-8080-exec-5] com.example.practice.LoggingService      : 警告ログです
2021-05-11 16:51:38.151  INFO 15500 --- [http-nio-8080-exec-9] com.example.practice.LoggingService      : 情報ログです
2021-05-11 16:51:38.152  WARN 15500 --- [http-nio-8080-exec-9] com.example.practice.LoggingService      : 警告ログです
2021-05-11 16:52:08.730  INFO 15500 --- [http-nio-8080-exec-9] com.example.practice.LoggingService      : 情報ログです
2021-05-11 16:52:08.732  WARN 15500 --- [http-nio-8080-exec-9] com.example.practice.LoggingService      : 警告ログです
2021-05-11 16:54:47.296  INFO 15500 --- [http-nio-8080-exec-5] com.example.practice.LoggingService      : 情報ログです
2021-05-11 16:54:47.297  WARN 15500 --- [http-nio-8080-exec-5] com.example.practice.LoggingService      : 警告ログです
