2021-05-13 09:49:15.583  WARN 9688 --- [HikariPool-1 housekeeper] com.zaxxer.hikari.pool.HikariPool        : HikariPool-1 - Thread starvation or clock leap detected (housekeeper delta=10h51m50s102ms902µs100ns).
2021-05-13 10:10:56.988  INFO 8336 --- [main] c.example.practice.PracticeApplication   : Starting PracticeApplication using Java 16.0.1 on LAPTOP-VV4G52KU with PID 8336 (C:\Users\hikar\Documents\practice\build\classes\java\main started by hikar in C:\Users\hikar\Documents\practice)
2021-05-13 10:10:56.988  INFO 8336 --- [main] c.example.practice.PracticeApplication   : No active profile set, falling back to default profiles: default
2021-05-13 10:10:57.913  INFO 8336 --- [main] .s.d.r.c.RepositoryConfigurationDelegate : Bootstrapping Spring Data JPA repositories in DEFAULT mode.
2021-05-13 10:10:57.945  INFO 8336 --- [main] .s.d.r.c.RepositoryConfigurationDelegate : Finished Spring Data repository scanning in 14 ms. Found 0 JPA repository interfaces.
2021-05-13 10:10:58.775  INFO 8336 --- [main] o.s.b.w.embedded.tomcat.TomcatWebServer  : Tomcat initialized with port(s): 8080 (http)
2021-05-13 10:10:58.806  INFO 8336 --- [main] o.apache.catalina.core.StandardService   : Starting service [Tomcat]
2021-05-13 10:10:58.806  INFO 8336 --- [main] org.apache.catalina.core.StandardEngine  : Starting Servlet engine: [Apache Tomcat/9.0.45]
2021-05-13 10:10:58.964  INFO 8336 --- [main] o.a.c.c.C.[Tomcat].[localhost].[/]       : Initializing Spring embedded WebApplicationContext
2021-05-13 10:10:58.964  INFO 8336 --- [main] w.s.c.ServletWebServerApplicationContext : Root WebApplicationContext: initialization completed in 1908 ms
2021-05-13 10:10:59.166  INFO 8336 --- [main] com.zaxxer.hikari.HikariDataSource       : HikariPool-1 - Starting...
2021-05-13 10:10:59.650  INFO 8336 --- [main] com.zaxxer.hikari.HikariDataSource       : HikariPool-1 - Start completed.
2021-05-13 10:10:59.714  INFO 8336 --- [main] o.hibernate.jpa.internal.util.LogHelper  : HHH000204: Processing PersistenceUnitInfo [name: default]
2021-05-13 10:10:59.792  INFO 8336 --- [main] org.hibernate.Version                    : HHH000412: Hibernate ORM core version 5.4.30.Final
2021-05-13 10:11:00.033  INFO 8336 --- [main] o.hibernate.annotations.common.Version   : HCANN000001: Hibernate Commons Annotations {5.1.2.Final}
2021-05-13 10:11:00.215  INFO 8336 --- [main] org.hibernate.dialect.Dialect            : HHH000400: Using dialect: org.hibernate.dialect.MySQL8Dialect
2021-05-13 10:11:00.498  INFO 8336 --- [main] o.h.e.t.j.p.i.JtaPlatformInitiator       : HHH000490: Using JtaPlatform implementation: [org.hibernate.engine.transaction.jta.platform.internal.NoJtaPlatform]
2021-05-13 10:11:00.513  INFO 8336 --- [main] j.LocalContainerEntityManagerFactoryBean : Initialized JPA EntityManagerFactory for persistence unit 'default'
2021-05-13 10:11:00.607  WARN 8336 --- [main] JpaBaseConfiguration$JpaWebConfiguration : spring.jpa.open-in-view is enabled by default. Therefore, database queries may be performed during view rendering. Explicitly configure spring.jpa.open-in-view to disable this warning
2021-05-13 10:11:00.749  INFO 8336 --- [main] o.s.s.concurrent.ThreadPoolTaskExecutor  : Initializing ExecutorService 'applicationTaskExecutor'
2021-05-13 10:11:00.827  INFO 8336 --- [main] o.s.b.a.w.s.WelcomePageHandlerMapping    : Adding welcome page template: index
2021-05-13 10:11:01.015  INFO 8336 --- [main] o.s.b.w.embedded.tomcat.TomcatWebServer  : Tomcat started on port(s): 8080 (http) with context path ''
2021-05-13 10:11:01.015  INFO 8336 --- [main] c.example.practice.PracticeApplication   : Started PracticeApplication in 4.517 seconds (JVM running for 4.992)
2021-05-13 10:11:16.569  INFO 8336 --- [http-nio-8080-exec-1] o.a.c.c.C.[Tomcat].[localhost].[/]       : Initializing Spring DispatcherServlet 'dispatcherServlet'
2021-05-13 10:11:16.569  INFO 8336 --- [http-nio-8080-exec-1] o.s.web.servlet.DispatcherServlet        : Initializing Servlet 'dispatcherServlet'
2021-05-13 10:11:16.571  INFO 8336 --- [http-nio-8080-exec-1] o.s.web.servlet.DispatcherServlet        : Completed initialization in 1 ms
2021-05-13 10:11:39.138  INFO 8336 --- [http-nio-8080-exec-7] com.example.practice.LoggingService      : 情報ログです
2021-05-13 10:11:39.139  WARN 8336 --- [http-nio-8080-exec-7] com.example.practice.LoggingService      : 警告ログです
2021-05-13 10:13:23.032  INFO 8336 --- [http-nio-8080-exec-6] com.example.practice.LoggingService      : 情報ログです
2021-05-13 10:13:23.032  WARN 8336 --- [http-nio-8080-exec-6] com.example.practice.LoggingService      : 警告ログです
2021-05-13 10:15:06.734  INFO 8336 --- [http-nio-8080-exec-1] com.example.practice.LoggingService      : 情報ログです
2021-05-13 10:15:06.736  WARN 8336 --- [http-nio-8080-exec-1] com.example.practice.LoggingService      : 警告ログです
